Using pre-set license

 COMMAND LINE ARGUMENTS:
/Applications/Unity/Hub/Editor/2020.3.7f1/Unity.app/Contents/MacOS/Unity
-adb2
-batchMode
-noUpm
-name
AssetImportWorker0
-projectPath
/Users/yuhanmeyer/Documents/Unity/InTheDark
-logFile
Logs/AssetImportWorker0.log
-srvPort
55889
Successfully changed project path to: /Users/yuhanmeyer/Documents/Unity/InTheDark
/Users/yuhanmeyer/Documents/Unity/InTheDark
Using Asset Import Pipeline V2.
Refreshing native plugins compatible for Editor in 44.54 ms, found 2 plugins.
Preloading 0 native plugins for Editor in 0.00 ms.
Initialize engine version: 2020.3.7f1 (dd97f2c94397)
[Subsystems] Discovering subsystems at path /Applications/Unity/Hub/Editor/2020.3.7f1/Unity.app/Contents/Resources/UnitySubsystems
[Subsystems] Discovering subsystems at path /Users/yuhanmeyer/Documents/Unity/InTheDark/Assets
GfxDevice: creating device client; threaded=0
2021-06-03 16:44:35.870 Unity[62516:2020212] iMac preferred device: AMD Radeon Pro 575 (high power)
2021-06-03 16:44:35.870 Unity[62516:2020212] Metal devices available: 1
2021-06-03 16:44:35.870 Unity[62516:2020212] 0: AMD Radeon Pro 575 (high power)
2021-06-03 16:44:35.870 Unity[62516:2020212] Using device AMD Radeon Pro 575 (high power)
Initializing Metal device caps: AMD Radeon Pro 575
Initialize mono
Mono path[0] = '/Applications/Unity/Hub/Editor/2020.3.7f1/Unity.app/Contents/Managed'
Mono path[1] = '/Applications/Unity/Hub/Editor/2020.3.7f1/Unity.app/Contents/MonoBleedingEdge/lib/mono/unityjit'
Mono config path = '/Applications/Unity/Hub/Editor/2020.3.7f1/Unity.app/Contents/MonoBleedingEdge/etc'
Using monoOptions --debugger-agent=transport=dt_socket,embedding=1,server=y,suspend=n,address=127.0.0.1:56516
Begin MonoManager ReloadAssembly
Registering precompiled unity dll's ...
Register platform support module: /Applications/Unity/Hub/Editor/2020.3.7f1/Unity.app/Contents/PlaybackEngines/MacStandaloneSupport/UnityEditor.OSXStandalone.Extensions.dll
Registered in 0.031496 seconds.
Native extension for OSXStandalone target not found
Refreshing native plugins compatible for Editor in 40.27 ms, found 2 plugins.
Preloading 0 native plugins for Editor in 0.00 ms.
Mono: successfully reloaded assembly
- Completed reload, in  3.283 seconds
Platform modules already initialized, skipping
Registering precompiled user dll's ...
Registered in 0.000919 seconds.
Begin MonoManager ReloadAssembly
Native extension for OSXStandalone target not found
Refreshing native plugins compatible for Editor in 38.57 ms, found 2 plugins.
Preloading 0 native plugins for Editor in 0.00 ms.
Mono: successfully reloaded assembly
- Completed reload, in  1.506 seconds
Platform modules already initialized, skipping
========================================================================
Worker process is ready to serve import requests
Launching external process: /Applications/Unity/Hub/Editor/2020.3.7f1/Unity.app/Contents/Tools/UnityShaderCompiler
Launched and connected shader compiler UnityShaderCompiler after 0.02 seconds
Refreshing native plugins compatible for Editor in 0.51 ms, found 2 plugins.
Preloading 0 native plugins for Editor in 0.00 ms.
Unloading 1808 Unused Serialized files (Serialized files now loaded: 0)
System memory in use before: 145.5 MB.
System memory in use after: 145.5 MB.

Unloading 24 unused Assets to reduce memory usage. Loaded Objects now: 2250.
Total: 3.187606 ms (FindLiveObjects: 0.308549 ms CreateObjectMapping: 0.123200 ms MarkObjects: 2.590124 ms  DeleteObjects: 0.164279 ms)

========================================================================
Received Import Request.
  path: Assets/Mossy Tileset/Mossy - BackgroundDecoration.png
  artifactKey: Guid(2acf06b553c814bc68b9c8d4006968e6) Importer(815301076,1909f56bfc062723c751e8b465ee728b)
Start importing Assets/Mossy Tileset/Mossy - BackgroundDecoration.png using Guid(2acf06b553c814bc68b9c8d4006968e6) Importer(815301076,1909f56bfc062723c751e8b465ee728b)  -> (artifact id: 'd293ba950250bd92f63b6435d0acf1ef') in 1.877857 seconds
  Import took 1.906145 seconds .

========================================================================
Received Import Request.
  Time since last request: 0.000309 seconds.
  path: Assets/Mossy Tileset
  artifactKey: Guid(9e045fa041d214bdca7004af243367f0) Importer(815301076,1909f56bfc062723c751e8b465ee728b)
Start importing Assets/Mossy Tileset using Guid(9e045fa041d214bdca7004af243367f0) Importer(815301076,1909f56bfc062723c751e8b465ee728b)  -> (artifact id: 'dfc3d109a400c395179d205ecfdeacb9') in 0.001832 seconds
  Import took 0.011585 seconds .

========================================================================
Received Import Request.
  Time since last request: 0.000183 seconds.
  path: Assets/Mossy Tileset/Mossy - MossyHills.png
  artifactKey: Guid(d616dea8e6f23445ba98a7c4bf20d539) Importer(815301076,1909f56bfc062723c751e8b465ee728b)
Start importing Assets/Mossy Tileset/Mossy - MossyHills.png using Guid(d616dea8e6f23445ba98a7c4bf20d539) Importer(815301076,1909f56bfc062723c751e8b465ee728b)  -> (artifact id: '6d22b336a9aee2243d3e69de16030df9') in 0.019517 seconds
  Import took 0.027550 seconds .

========================================================================
Received Import Request.
  Time since last request: 0.000490 seconds.
  path: Assets/Mossy Tileset/Mossy - Decorations&Hazards.png
  artifactKey: Guid(efb395948d66a4181ad9e750a3dff662) Importer(815301076,1909f56bfc062723c751e8b465ee728b)
Start importing Assets/Mossy Tileset/Mossy - Decorations&Hazards.png using Guid(efb395948d66a4181ad9e750a3dff662) Importer(815301076,1909f56bfc062723c751e8b465ee728b)  -> (artifact id: 'e03bd8a0e9e870a1873be6f542d87d5d') in 0.017010 seconds
  Import took 0.021409 seconds .

========================================================================
Received Import Request.
  Time since last request: 0.000332 seconds.
  path: Assets/Mossy Tileset/Mossy - TileSet.png
  artifactKey: Guid(e8540724e5fc84f99a4d51cd746bc203) Importer(815301076,1909f56bfc062723c751e8b465ee728b)
Start importing Assets/Mossy Tileset/Mossy - TileSet.png using Guid(e8540724e5fc84f99a4d51cd746bc203) Importer(815301076,1909f56bfc062723c751e8b465ee728b)  -> (artifact id: 'babd919d930b3488d8befde5aac48914') in 0.017525 seconds
  Import took 0.022222 seconds .

========================================================================
Received Import Request.
  Time since last request: 0.000206 seconds.
  path: Assets/Mossy Tileset/Mossy - FloatingPlatforms.png
  artifactKey: Guid(091a14cad55144c5c97f37b78fa21fdd) Importer(815301076,1909f56bfc062723c751e8b465ee728b)
Start importing Assets/Mossy Tileset/Mossy - FloatingPlatforms.png using Guid(091a14cad55144c5c97f37b78fa21fdd) Importer(815301076,1909f56bfc062723c751e8b465ee728b)  -> (artifact id: 'c27e7861dc2b1d0c2db565a2029233cd') in 0.017734 seconds
  Import took 0.021500 seconds .

========================================================================
Received Import Request.
  Time since last request: 0.000673 seconds.
  path: Assets/Mossy Tileset/Mossy - Hanging Plants.png
  artifactKey: Guid(7b0ce2d5083be4597a833362e797d379) Importer(815301076,1909f56bfc062723c751e8b465ee728b)
Start importing Assets/Mossy Tileset/Mossy - Hanging Plants.png using Guid(7b0ce2d5083be4597a833362e797d379) Importer(815301076,1909f56bfc062723c751e8b465ee728b)  -> (artifact id: 'f825acfd25b765fa1d96f59dae718cc3') in 0.031827 seconds
  Import took 0.035385 seconds .

========================================================================
Received Import Request.
  Time since last request: 0.025342 seconds.
  path: Assets/Mossy Tileset/Mossy - Hanging Plants.png
  artifactKey: Guid(7b0ce2d5083be4597a833362e797d379) Importer(815301076,1909f56bfc062723c751e8b465ee728b)
Start importing Assets/Mossy Tileset/Mossy - Hanging Plants.png using Guid(7b0ce2d5083be4597a833362e797d379) Importer(815301076,1909f56bfc062723c751e8b465ee728b)  -> (artifact id: 'f825acfd25b765fa1d96f59dae718cc3') in 0.027631 seconds
  Import took 0.031819 seconds .

========================================================================
Received Import Request.
  Time since last request: 312.980827 seconds.
  path: Assets/Mossy Tileset/Mossy - TileSet.png
  artifactKey: Guid(e8540724e5fc84f99a4d51cd746bc203) Importer(815301076,1909f56bfc062723c751e8b465ee728b)
Start importing Assets/Mossy Tileset/Mossy - TileSet.png using Guid(e8540724e5fc84f99a4d51cd746bc203) Importer(815301076,1909f56bfc062723c751e8b465ee728b)  -> (artifact id: '20517623844a563236efe297226a7044') in 0.042627 seconds
  Import took 0.084671 seconds .

========================================================================
Received Import Request.
  Time since last request: 185.596421 seconds.
  path: Assets/Mossy Tileset/Mossy - TileSet.png
  artifactKey: Guid(e8540724e5fc84f99a4d51cd746bc203) Importer(815301076,1909f56bfc062723c751e8b465ee728b)
Start importing Assets/Mossy Tileset/Mossy - TileSet.png using Guid(e8540724e5fc84f99a4d51cd746bc203) Importer(815301076,1909f56bfc062723c751e8b465ee728b)  -> (artifact id: '2ae96413daa44fb165cd29b2a9762361') in 0.031164 seconds
  Import took 0.131663 seconds .

========================================================================
Received Import Request.
  Time since last request: 7.994512 seconds.
  path: Assets/Mossy Tileset/Mossy - TileSet.png
  artifactKey: Guid(e8540724e5fc84f99a4d51cd746bc203) Importer(815301076,1909f56bfc062723c751e8b465ee728b)
Start importing Assets/Mossy Tileset/Mossy - TileSet.png using Guid(e8540724e5fc84f99a4d51cd746bc203) Importer(815301076,1909f56bfc062723c751e8b465ee728b)  -> (artifact id: '15a37943e644da1ef275e37ce5165cfd') in 0.065319 seconds
  Import took 0.074264 seconds .

========================================================================
Received Import Request.
  Time since last request: 18.246696 seconds.
  path: Assets/Mossy Tileset/Mossy - TileSet.png
  artifactKey: Guid(e8540724e5fc84f99a4d51cd746bc203) Importer(815301076,1909f56bfc062723c751e8b465ee728b)
Start importing Assets/Mossy Tileset/Mossy - TileSet.png using Guid(e8540724e5fc84f99a4d51cd746bc203) Importer(815301076,1909f56bfc062723c751e8b465ee728b)  -> (artifact id: '9d82a6ce5e619c74b9495c426c0f536d') in 0.040988 seconds
  Import took 0.049158 seconds .

========================================================================
Received Import Request.
  Time since last request: 110.173689 seconds.
  path: Assets/Mossy Tileset/Mossy - TileSet.png
  artifactKey: Guid(e8540724e5fc84f99a4d51cd746bc203) Importer(815301076,1909f56bfc062723c751e8b465ee728b)
Start importing Assets/Mossy Tileset/Mossy - TileSet.png using Guid(e8540724e5fc84f99a4d51cd746bc203) Importer(815301076,1909f56bfc062723c751e8b465ee728b)  -> (artifact id: '0eace4052b45681569b96ba55854be39') in 0.287054 seconds
  Import took 0.294178 seconds .

========================================================================
Received Import Request.
  Time since last request: 748.062926 seconds.
  path: Assets/Mossy Tileset/Rectangular Palette.prefab
  artifactKey: Guid(8b34643b8d5c34c768489009fbe166ba) Importer(815301076,1909f56bfc062723c751e8b465ee728b)
Start importing Assets/Mossy Tileset/Rectangular Palette.prefab using Guid(8b34643b8d5c34c768489009fbe166ba) Importer(815301076,1909f56bfc062723c751e8b465ee728b)  -> (artifact id: '427d34c00ba144f2f918c22322dda29f') in 2.020538 seconds
  Import took 2.047284 seconds .

========================================================================
Received Import Request.
  Time since last request: 981.315238 seconds.
  path: Assets/Palettes/Obstacles.prefab
  artifactKey: Guid(a5a9703c586694a7287af286a2466c4d) Importer(815301076,1909f56bfc062723c751e8b465ee728b)
Start importing Assets/Palettes/Obstacles.prefab using Guid(a5a9703c586694a7287af286a2466c4d) Importer(815301076,1909f56bfc062723c751e8b465ee728b)  -> (artifact id: '1d53627acbad6a7e5d03e64325cff208') in 0.006008 seconds
  Import took 0.025127 seconds .

========================================================================
Received Import Request.
  Time since last request: 90.018672 seconds.
  path: Assets/Palettes/Obstacle.prefab
  artifactKey: Guid(495ce37e86cd34b0bb2ad546c38edc55) Importer(815301076,1909f56bfc062723c751e8b465ee728b)
Start importing Assets/Palettes/Obstacle.prefab using Guid(495ce37e86cd34b0bb2ad546c38edc55) Importer(815301076,1909f56bfc062723c751e8b465ee728b)  -> (artifact id: '955f49a0f1c6a77d4411d853731cf90c') in 0.009622 seconds
  Import took 0.019097 seconds .

========================================================================
Received Import Request.
  Time since last request: 828.542759 seconds.
  path: Assets/Palettes/Mossy - TileSet_0.asset
  artifactKey: Guid(5924970b5ad2e466eb7196fd416bf3bf) Importer(815301076,1909f56bfc062723c751e8b465ee728b)
Start importing Assets/Palettes/Mossy - TileSet_0.asset using Guid(5924970b5ad2e466eb7196fd416bf3bf) Importer(815301076,1909f56bfc062723c751e8b465ee728b)  -> (artifact id: 'e9cbe8e96cd8a24d6b9efb18a29546ee') in 0.565233 seconds
  Import took 0.586403 seconds .

========================================================================
Received Import Request.
  Time since last request: 0.000292 seconds.
  path: Assets/Palettes/Mossy - TileSet_45.asset
  artifactKey: Guid(e78fb09c0909f411184777bfaa9f60a2) Importer(815301076,1909f56bfc062723c751e8b465ee728b)
Start importing Assets/Palettes/Mossy - TileSet_45.asset using Guid(e78fb09c0909f411184777bfaa9f60a2) Importer(815301076,1909f56bfc062723c751e8b465ee728b)  -> (artifact id: '156e0ec5ddc6dc8c4e8d231073b95224') in 0.046664 seconds
  Import took 0.053042 seconds .

========================================================================
Received Import Request.
  Time since last request: 0.000315 seconds.
  path: Assets/Palettes/Mossy - TileSet_8.asset
  artifactKey: Guid(96386884775c749de82efcb72b1ccddc) Importer(815301076,1909f56bfc062723c751e8b465ee728b)
Start importing Assets/Palettes/Mossy - TileSet_8.asset using Guid(96386884775c749de82efcb72b1ccddc) Importer(815301076,1909f56bfc062723c751e8b465ee728b)  -> (artifact id: 'fbf2af7c9b6cc1a30b1fe9dc9e128280') in 0.034631 seconds
  Import took 0.040374 seconds .

========================================================================
Received Import Request.
  Time since last request: 0.000249 seconds.
  path: Assets/Palettes/Mossy - TileSet_28.asset
  artifactKey: Guid(4417731dc51df499cb4787a7077a3190) Importer(815301076,1909f56bfc062723c751e8b465ee728b)
Start importing Assets/Palettes/Mossy - TileSet_28.asset using Guid(4417731dc51df499cb4787a7077a3190) Importer(815301076,1909f56bfc062723c751e8b465ee728b)  -> (artifact id: '55c8cad1a603bf344a00e29e52ee817f') in 0.040172 seconds
  Import took 0.050385 seconds .

========================================================================
Received Import Request.
  Time since last request: 0.000434 seconds.
  path: Assets/Palettes/Mossy - TileSet_48.asset
  artifactKey: Guid(bdf3e3dd021084979912b6a3d710573c) Importer(815301076,1909f56bfc062723c751e8b465ee728b)
Start importing Assets/Palettes/Mossy - TileSet_48.asset using Guid(bdf3e3dd021084979912b6a3d710573c) Importer(815301076,1909f56bfc062723c751e8b465ee728b)  -> (artifact id: 'd4f49a53734c254b70b3e48627668799') in 0.035213 seconds
  Import took 0.044575 seconds .

========================================================================
Received Import Request.
  Time since last request: 0.000269 seconds.
  path: Assets/Palettes/Mossy - TileSet_16.asset
  artifactKey: Guid(02d247b0388c0481f862e5ddd839aea9) Importer(815301076,1909f56bfc062723c751e8b465ee728b)
Start importing Assets/Palettes/Mossy - TileSet_16.asset using Guid(02d247b0388c0481f862e5ddd839aea9) Importer(815301076,1909f56bfc062723c751e8b465ee728b)  -> (artifact id: '471015bb3b0127ab980e652ec238478f') in 0.048203 seconds
  Import took 0.054689 seconds .

========================================================================
Received Import Request.
  Time since last request: 0.000285 seconds.
  path: Assets/Palettes/Mossy - TileSet_20.asset
  artifactKey: Guid(1b40934e20cb24490a1cbddf18d6609f) Importer(815301076,1909f56bfc062723c751e8b465ee728b)
Start importing Assets/Palettes/Mossy - TileSet_20.asset using Guid(1b40934e20cb24490a1cbddf18d6609f) Importer(815301076,1909f56bfc062723c751e8b465ee728b)  -> (artifact id: '67e125b6318e5f5b10d18ed7e582a05a') in 0.033739 seconds
  Import took 0.040456 seconds .

========================================================================
Received Import Request.
  Time since last request: 0.000396 seconds.
  path: Assets/Palettes/Mossy - TileSet_29.asset
  artifactKey: Guid(9444e849c6ba44a7888544b8b59b4fac) Importer(815301076,1909f56bfc062723c751e8b465ee728b)
Start importing Assets/Palettes/Mossy - TileSet_29.asset using Guid(9444e849c6ba44a7888544b8b59b4fac) Importer(815301076,1909f56bfc062723c751e8b465ee728b)  -> (artifact id: '9b6e2faf9b41e5eb83b966e9c021d3c4') in 0.034468 seconds
  Import took 0.041226 seconds .

========================================================================
Received Import Request.
  Time since last request: 0.000291 seconds.
  path: Assets/Palettes/Mossy - TileSet_30.asset
  artifactKey: Guid(2661d0b9cbd104c67aa0137eb6df389d) Importer(815301076,1909f56bfc062723c751e8b465ee728b)
Start importing Assets/Palettes/Mossy - TileSet_30.asset using Guid(2661d0b9cbd104c67aa0137eb6df389d) Importer(815301076,1909f56bfc062723c751e8b465ee728b)  -> (artifact id: '61dee92f76743923ee66fb674101fa29') in 0.031748 seconds
  Import took 0.038530 seconds .

========================================================================
Received Import Request.
  Time since last request: 0.000250 seconds.
  path: Assets/Palettes/Mossy - TileSet_24.asset
  artifactKey: Guid(feb456b2888d44c76b38b300c36c8514) Importer(815301076,1909f56bfc062723c751e8b465ee728b)
Start importing Assets/Palettes/Mossy - TileSet_24.asset using Guid(feb456b2888d44c76b38b300c36c8514) Importer(815301076,1909f56bfc062723c751e8b465ee728b)  -> (artifact id: '80edac7e3843ceb564e55d6f3737cd40') in 0.035481 seconds
  Import took 0.041374 seconds .

========================================================================
Received Import Request.
  Time since last request: 0.000301 seconds.
  path: Assets/Palettes/Mossy - TileSet_9.asset
  artifactKey: Guid(2d07185d0c50044058666c97929da0df) Importer(815301076,1909f56bfc062723c751e8b465ee728b)
Start importing Assets/Palettes/Mossy - TileSet_9.asset using Guid(2d07185d0c50044058666c97929da0df) Importer(815301076,1909f56bfc062723c751e8b465ee728b)  -> (artifact id: '4b505a42f8ee5c3d64f55c4aa39511be') in 0.033172 seconds
  Import took 0.038240 seconds .

========================================================================
Received Import Request.
  Time since last request: 0.000371 seconds.
  path: Assets/Palettes/Mossy - TileSet_39.asset
  artifactKey: Guid(a9cff93ee212f49f49f1654f1c94d63a) Importer(815301076,1909f56bfc062723c751e8b465ee728b)
Start importing Assets/Palettes/Mossy - TileSet_39.asset using Guid(a9cff93ee212f49f49f1654f1c94d63a) Importer(815301076,1909f56bfc062723c751e8b465ee728b)  -> (artifact id: 'ec3826e56d0096d575f6f60466be8d3d') in 0.031782 seconds
  Import took 0.039087 seconds .

========================================================================
Received Import Request.
  Time since last request: 0.000282 seconds.
  path: Assets/Palettes/Mossy - TileSet_12.asset
  artifactKey: Guid(6c136ecfe18b44de0bfae49b38c004c3) Importer(815301076,1909f56bfc062723c751e8b465ee728b)
Start importing Assets/Palettes/Mossy - TileSet_12.asset using Guid(6c136ecfe18b44de0bfae49b38c004c3) Importer(815301076,1909f56bfc062723c751e8b465ee728b)  -> (artifact id: '170d1fdac3220f7d32386900bbbb2403') in 0.031452 seconds
  Import took 0.037726 seconds .

========================================================================
Received Import Request.
  Time since last request: 0.000335 seconds.
  path: Assets/Palettes/Mossy - TileSet_5.asset
  artifactKey: Guid(28b7a4c7994e946eca5025a61b7ed0cc) Importer(815301076,1909f56bfc062723c751e8b465ee728b)
Start importing Assets/Palettes/Mossy - TileSet_5.asset using Guid(28b7a4c7994e946eca5025a61b7ed0cc) Importer(815301076,1909f56bfc062723c751e8b465ee728b)  -> (artifact id: 'fce398e2bc533db86ae2d8ea282dfc62') in 0.031631 seconds
  Import took 0.037540 seconds .

========================================================================
Received Import Request.
  Time since last request: 0.000348 seconds.
  path: Assets/Palettes/Mossy - TileSet_26.asset
  artifactKey: Guid(2e04ee2be922d4e1eac2e171b4d658f0) Importer(815301076,1909f56bfc062723c751e8b465ee728b)
Start importing Assets/Palettes/Mossy - TileSet_26.asset using Guid(2e04ee2be922d4e1eac2e171b4d658f0) Importer(815301076,1909f56bfc062723c751e8b465ee728b)  -> (artifact id: 'd5bc4ef327c2a1f01daf42373a402e11') in 0.032659 seconds
  Import took 0.040142 seconds .

========================================================================
Received Import Request.
  Time since last request: 0.000273 seconds.
  path: Assets/Palettes/Mossy - TileSet_42.asset
  artifactKey: Guid(cb66db4b2133b496aae0fa8dc681ab46) Importer(815301076,1909f56bfc062723c751e8b465ee728b)
Start importing Assets/Palettes/Mossy - TileSet_42.asset using Guid(cb66db4b2133b496aae0fa8dc681ab46) Importer(815301076,1909f56bfc062723c751e8b465ee728b)  -> (artifact id: '1f75007fa696ec2fa9ad95b63173ca5d') in 0.034584 seconds
  Import took 0.039821 seconds .

========================================================================
Received Import Request.
  Time since last request: 0.000292 seconds.
  path: Assets/Palettes/Mossy - TileSet_10.asset
  artifactKey: Guid(e08165ac61aa74a47a1d9a99a725116c) Importer(815301076,1909f56bfc062723c751e8b465ee728b)
Start importing Assets/Palettes/Mossy - TileSet_10.asset using Guid(e08165ac61aa74a47a1d9a99a725116c) Importer(815301076,1909f56bfc062723c751e8b465ee728b)  -> (artifact id: '361273dfc9a673ab89a71a63e650cf54') in 0.033053 seconds
  Import took 0.039450 seconds .

========================================================================
Received Import Request.
  Time since last request: 0.000240 seconds.
  path: Assets/Palettes/Mossy - TileSet_2.asset
  artifactKey: Guid(b5f97156a82e344b88749b58d4bf091f) Importer(815301076,1909f56bfc062723c751e8b465ee728b)
Start importing Assets/Palettes/Mossy - TileSet_2.asset using Guid(b5f97156a82e344b88749b58d4bf091f) Importer(815301076,1909f56bfc062723c751e8b465ee728b)  -> (artifact id: '1d138b78f8d061b02d3105c473d39e6e') in 0.034624 seconds
  Import took 0.040407 seconds .

========================================================================
Received Import Request.
  Time since last request: 0.000211 seconds.
  path: Assets/Palettes/Mossy - TileSet_11.asset
  artifactKey: Guid(87d95bdfda6084351bf6e0c9d892a587) Importer(815301076,1909f56bfc062723c751e8b465ee728b)
Start importing Assets/Palettes/Mossy - TileSet_11.asset using Guid(87d95bdfda6084351bf6e0c9d892a587) Importer(815301076,1909f56bfc062723c751e8b465ee728b)  -> (artifact id: 'ab0b700d09d0713b9ff434583ec1d146') in 0.033616 seconds
  Import took 0.041020 seconds .

========================================================================
Received Import Request.
  Time since last request: 0.000228 seconds.
  path: Assets/Palettes/Mossy - TileSet_4.asset
  artifactKey: Guid(d7fd7a37546244116ba60ec79bd7f205) Importer(815301076,1909f56bfc062723c751e8b465ee728b)
Start importing Assets/Palettes/Mossy - TileSet_4.asset using Guid(d7fd7a37546244116ba60ec79bd7f205) Importer(815301076,1909f56bfc062723c751e8b465ee728b)  -> (artifact id: '5e0f45a2fcc9a233e53f119f609df553') in 0.034135 seconds
  Import took 0.040955 seconds .

========================================================================
Received Import Request.
  Time since last request: 0.000339 seconds.
  path: Assets/Palettes/Mossy - TileSet_13.asset
  artifactKey: Guid(769d0138e8e6e49ff844a3e164a8ca28) Importer(815301076,1909f56bfc062723c751e8b465ee728b)
Start importing Assets/Palettes/Mossy - TileSet_13.asset using Guid(769d0138e8e6e49ff844a3e164a8ca28) Importer(815301076,1909f56bfc062723c751e8b465ee728b)  -> (artifact id: '53e779895f4441f8081188bfa1f091e0') in 0.032549 seconds
  Import took 0.038549 seconds .

========================================================================
Received Import Request.
  Time since last request: 0.000304 seconds.
  path: Assets/Palettes/Mossy - TileSet_37.asset
  artifactKey: Guid(76ff781e43a1d422da251f0fed51bce2) Importer(815301076,1909f56bfc062723c751e8b465ee728b)
Start importing Assets/Palettes/Mossy - TileSet_37.asset using Guid(76ff781e43a1d422da251f0fed51bce2) Importer(815301076,1909f56bfc062723c751e8b465ee728b)  -> (artifact id: '2a6cd6d46e81dad85a496fd72cadf387') in 0.036298 seconds
  Import took 0.042951 seconds .

========================================================================
Received Import Request.
  Time since last request: 0.000331 seconds.
  path: Assets/Palettes/Mossy - TileSet_43.asset
  artifactKey: Guid(39edf86941e8e4ff3be09f258b286b60) Importer(815301076,1909f56bfc062723c751e8b465ee728b)
Start importing Assets/Palettes/Mossy - TileSet_43.asset using Guid(39edf86941e8e4ff3be09f258b286b60) Importer(815301076,1909f56bfc062723c751e8b465ee728b)  -> (artifact id: 'a5727aff8b9217d8d901a2cbd2d7fc21') in 0.036846 seconds
  Import took 0.044725 seconds .

========================================================================
Received Import Request.
  Time since last request: 0.000259 seconds.
  path: Assets/Palettes/Mossy - TileSet_25.asset
  artifactKey: Guid(a25450f0268544e31bd9eadf50a7a5b3) Importer(815301076,1909f56bfc062723c751e8b465ee728b)
Start importing Assets/Palettes/Mossy - TileSet_25.asset using Guid(a25450f0268544e31bd9eadf50a7a5b3) Importer(815301076,1909f56bfc062723c751e8b465ee728b)  -> (artifact id: 'ba4b49bb997955dd94db94d14f884480') in 0.034240 seconds
  Import took 0.041160 seconds .

========================================================================
Received Import Request.
  Time since last request: 0.000305 seconds.
  path: Assets/Palettes/Mossy - TileSet_35.asset
  artifactKey: Guid(503c35e4ca02f44dd9b3d33241486da6) Importer(815301076,1909f56bfc062723c751e8b465ee728b)
Start importing Assets/Palettes/Mossy - TileSet_35.asset using Guid(503c35e4ca02f44dd9b3d33241486da6) Importer(815301076,1909f56bfc062723c751e8b465ee728b)  -> (artifact id: '25b69e09124ff39bbdf2570831a8466c') in 0.032976 seconds
  Import took 0.040040 seconds .

========================================================================
Received Import Request.
  Time since last request: 0.000392 seconds.
  path: Assets/Palettes/Mossy - TileSet_17.asset
  artifactKey: Guid(43beb2a63f7314a24b125fca8b587e1d) Importer(815301076,1909f56bfc062723c751e8b465ee728b)
Start importing Assets/Palettes/Mossy - TileSet_17.asset using Guid(43beb2a63f7314a24b125fca8b587e1d) Importer(815301076,1909f56bfc062723c751e8b465ee728b)  -> (artifact id: '112a6577ed388d9cd8f52d8426bdeba4') in 0.037492 seconds
  Import took 0.042987 seconds .

========================================================================
Received Import Request.
  Time since last request: 0.000256 seconds.
  path: Assets/Palettes/Mossy - TileSet_23.asset
  artifactKey: Guid(42f9a97b65c2041b1a7147c3ef3411b0) Importer(815301076,1909f56bfc062723c751e8b465ee728b)
Start importing Assets/Palettes/Mossy - TileSet_23.asset using Guid(42f9a97b65c2041b1a7147c3ef3411b0) Importer(815301076,1909f56bfc062723c751e8b465ee728b)  -> (artifact id: 'dc8cc69091c6ab4be07ed29a821d3672') in 0.035198 seconds
  Import took 0.041573 seconds .

========================================================================
Received Import Request.
  Time since last request: 0.000273 seconds.
  path: Assets/Palettes/Mossy - TileSet_1.asset
  artifactKey: Guid(45e6bfcdeb1cb48bd9c97251020d9140) Importer(815301076,1909f56bfc062723c751e8b465ee728b)
Start importing Assets/Palettes/Mossy - TileSet_1.asset using Guid(45e6bfcdeb1cb48bd9c97251020d9140) Importer(815301076,1909f56bfc062723c751e8b465ee728b)  -> (artifact id: 'ae9c06132c099fa07f9a92859db7d9ae') in 0.037121 seconds
  Import took 0.044592 seconds .

========================================================================
Received Import Request.
  Time since last request: 0.000208 seconds.
  path: Assets/Palettes/Mossy - TileSet_3.asset
  artifactKey: Guid(bafd8e028c182447d8c36fa6498eaa29) Importer(815301076,1909f56bfc062723c751e8b465ee728b)
Start importing Assets/Palettes/Mossy - TileSet_3.asset using Guid(bafd8e028c182447d8c36fa6498eaa29) Importer(815301076,1909f56bfc062723c751e8b465ee728b)  -> (artifact id: '9cef43c41326948dd91aeb572af03ff7') in 0.036071 seconds
  Import took 0.043511 seconds .

========================================================================
Received Import Request.
  Time since last request: 0.000272 seconds.
  path: Assets/Palettes/Mossy - TileSet_21.asset
  artifactKey: Guid(568d14f2be28e47878dbe4642af7e184) Importer(815301076,1909f56bfc062723c751e8b465ee728b)
Start importing Assets/Palettes/Mossy - TileSet_21.asset using Guid(568d14f2be28e47878dbe4642af7e184) Importer(815301076,1909f56bfc062723c751e8b465ee728b)  -> (artifact id: '634131c3ba448c2a55c757a8fdfd5cbe') in 0.034213 seconds
  Import took 0.040320 seconds .

========================================================================
Received Import Request.
  Time since last request: 0.000414 seconds.
  path: Assets/Palettes/Mossy - TileSet_7.asset
  artifactKey: Guid(d8b18f3fa04fe4a1baa0c59c74532312) Importer(815301076,1909f56bfc062723c751e8b465ee728b)
Start importing Assets/Palettes/Mossy - TileSet_7.asset using Guid(d8b18f3fa04fe4a1baa0c59c74532312) Importer(815301076,1909f56bfc062723c751e8b465ee728b)  -> (artifact id: 'b9611c1140b9244333cb4dd35c7f2941') in 0.038158 seconds
  Import took 0.045546 seconds .

========================================================================
Received Import Request.
  Time since last request: 0.000411 seconds.
  path: Assets/Palettes/Mossy - TileSet_22.asset
  artifactKey: Guid(a122be848861f4c8b91e4a9ef333bfce) Importer(815301076,1909f56bfc062723c751e8b465ee728b)
Start importing Assets/Palettes/Mossy - TileSet_22.asset using Guid(a122be848861f4c8b91e4a9ef333bfce) Importer(815301076,1909f56bfc062723c751e8b465ee728b)  -> (artifact id: '1e1894afe9208838bf34482d7ed04fe0') in 0.034362 seconds
  Import took 0.041105 seconds .

========================================================================
Received Import Request.
  Time since last request: 0.000369 seconds.
  path: Assets/Palettes/Mossy - TileSet_34.asset
  artifactKey: Guid(b27fc9a3b8db543a9861d57ac450ccb4) Importer(815301076,1909f56bfc062723c751e8b465ee728b)
Start importing Assets/Palettes/Mossy - TileSet_34.asset using Guid(b27fc9a3b8db543a9861d57ac450ccb4) Importer(815301076,1909f56bfc062723c751e8b465ee728b)  -> (artifact id: '1c0ce57916adb1d87da3fb5cf4f9e61f') in 0.039511 seconds
  Import took 0.047179 seconds .

========================================================================
Received Import Request.
  Time since last request: 0.000222 seconds.
  path: Assets/Palettes/Mossy - TileSet_14.asset
  artifactKey: Guid(775fedfa2ab3e4089b6f912c2b2c4d11) Importer(815301076,1909f56bfc062723c751e8b465ee728b)
Start importing Assets/Palettes/Mossy - TileSet_14.asset using Guid(775fedfa2ab3e4089b6f912c2b2c4d11) Importer(815301076,1909f56bfc062723c751e8b465ee728b)  -> (artifact id: '935ab42c3b931238af994a3804dd5c1f') in 0.038820 seconds
  Import took 0.044951 seconds .

========================================================================
Received Import Request.
  Time since last request: 0.000313 seconds.
  path: Assets/Palettes/Mossy - TileSet_27.asset
  artifactKey: Guid(4e6445cd15bc043d8a92a2612ebe2de0) Importer(815301076,1909f56bfc062723c751e8b465ee728b)
Start importing Assets/Palettes/Mossy - TileSet_27.asset using Guid(4e6445cd15bc043d8a92a2612ebe2de0) Importer(815301076,1909f56bfc062723c751e8b465ee728b)  -> (artifact id: '8d53802ac45c087c8d86e8b3768dcf2c') in 0.033144 seconds
  Import took 0.041573 seconds .

========================================================================
Received Import Request.
  Time since last request: 0.000704 seconds.
  path: Assets/Palettes/Obstacle.prefab
  artifactKey: Guid(495ce37e86cd34b0bb2ad546c38edc55) Importer(815301076,1909f56bfc062723c751e8b465ee728b)
Start importing Assets/Palettes/Obstacle.prefab using Guid(495ce37e86cd34b0bb2ad546c38edc55) Importer(815301076,1909f56bfc062723c751e8b465ee728b)  -> (artifact id: '4520566c58b12ffcd71931c73aa1db6f') in 0.005001 seconds
  Import took 0.009242 seconds .

========================================================================
Received Import Request.
  Time since last request: 0.000567 seconds.
  path: Assets/Palettes/Mossy - TileSet_32.asset
  artifactKey: Guid(91415aa6071ce498e89fdd639f3a6740) Importer(815301076,1909f56bfc062723c751e8b465ee728b)
Start importing Assets/Palettes/Mossy - TileSet_32.asset using Guid(91415aa6071ce498e89fdd639f3a6740) Importer(815301076,1909f56bfc062723c751e8b465ee728b)  -> (artifact id: 'da49d630a1e50fa48579daab0b70ac88') in 0.036958 seconds
  Import took 0.043659 seconds .

========================================================================
Received Import Request.
  Time since last request: 0.000372 seconds.
  path: Assets/Palettes/Mossy - TileSet_31.asset
  artifactKey: Guid(4aa7769df05d744c3b9e07cac7361d64) Importer(815301076,1909f56bfc062723c751e8b465ee728b)
Start importing Assets/Palettes/Mossy - TileSet_31.asset using Guid(4aa7769df05d744c3b9e07cac7361d64) Importer(815301076,1909f56bfc062723c751e8b465ee728b)  -> (artifact id: '7bbb47fbc41f71bd5c5567af50c0d423') in 0.033288 seconds
  Import took 0.039791 seconds .

========================================================================
Received Import Request.
  Time since last request: 0.000380 seconds.
  path: Assets/Palettes/Mossy - TileSet_38.asset
  artifactKey: Guid(1a696f4dae9ed45d0bc07ec883922790) Importer(815301076,1909f56bfc062723c751e8b465ee728b)
Start importing Assets/Palettes/Mossy - TileSet_38.asset using Guid(1a696f4dae9ed45d0bc07ec883922790) Importer(815301076,1909f56bfc062723c751e8b465ee728b)  -> (artifact id: 'ff648ab4e17bcdd0d3fffee0c9b8d8df') in 0.036650 seconds
  Import took 0.045212 seconds .

========================================================================
Received Import Request.
  Time since last request: 0.000416 seconds.
  path: Assets/Palettes/Mossy - TileSet_36.asset
  artifactKey: Guid(1008feb39f46a43d896c02a62c8dbabe) Importer(815301076,1909f56bfc062723c751e8b465ee728b)
Start importing Assets/Palettes/Mossy - TileSet_36.asset using Guid(1008feb39f46a43d896c02a62c8dbabe) Importer(815301076,1909f56bfc062723c751e8b465ee728b)  -> (artifact id: 'f8ca4bd14726081433480abd2e8a9de6') in 0.035482 seconds
  Import took 0.043442 seconds .

========================================================================
Received Import Request.
  Time since last request: 0.000231 seconds.
  path: Assets/Palettes/Mossy - TileSet_44.asset
  artifactKey: Guid(7c31a7ec9d8524f12ac64388c55317fb) Importer(815301076,1909f56bfc062723c751e8b465ee728b)
Start importing Assets/Palettes/Mossy - TileSet_44.asset using Guid(7c31a7ec9d8524f12ac64388c55317fb) Importer(815301076,1909f56bfc062723c751e8b465ee728b)  -> (artifact id: 'cab323db36d82d934affbdd57d38eb07') in 0.035060 seconds
  Import took 0.040825 seconds .

========================================================================
Received Import Request.
  Time since last request: 0.000208 seconds.
  path: Assets/Palettes/Mossy - TileSet_18.asset
  artifactKey: Guid(a9fd4224146254b258579b21a8eabc50) Importer(815301076,1909f56bfc062723c751e8b465ee728b)
Start importing Assets/Palettes/Mossy - TileSet_18.asset using Guid(a9fd4224146254b258579b21a8eabc50) Importer(815301076,1909f56bfc062723c751e8b465ee728b)  -> (artifact id: '9f55b413ace72ce059700fef3178b8bd') in 0.032106 seconds
  Import took 0.039464 seconds .

========================================================================
Received Import Request.
  Time since last request: 0.000311 seconds.
  path: Assets/Palettes/Mossy - TileSet_41.asset
  artifactKey: Guid(fb9130e2075ff4ce3ab9204a994af72d) Importer(815301076,1909f56bfc062723c751e8b465ee728b)
Start importing Assets/Palettes/Mossy - TileSet_41.asset using Guid(fb9130e2075ff4ce3ab9204a994af72d) Importer(815301076,1909f56bfc062723c751e8b465ee728b)  -> (artifact id: '7a24086d4423405e17ad25858807ca24') in 0.031795 seconds
  Import took 0.037482 seconds .

========================================================================
Received Import Request.
  Time since last request: 0.000312 seconds.
  path: Assets/Palettes/Mossy - TileSet_47.asset
  artifactKey: Guid(c75bb6ab214bc407d93cb308c28bacfd) Importer(815301076,1909f56bfc062723c751e8b465ee728b)
Start importing Assets/Palettes/Mossy - TileSet_47.asset using Guid(c75bb6ab214bc407d93cb308c28bacfd) Importer(815301076,1909f56bfc062723c751e8b465ee728b)  -> (artifact id: 'e5b5267ba97655af6eccdc0db8f24617') in 0.032640 seconds
  Import took 0.049442 seconds .

========================================================================
Received Import Request.
  Time since last request: 0.000239 seconds.
  path: Assets/Palettes/Mossy - TileSet_6.asset
  artifactKey: Guid(7d18a68028058438f8346a6f41d5023c) Importer(815301076,1909f56bfc062723c751e8b465ee728b)
Start importing Assets/Palettes/Mossy - TileSet_6.asset using Guid(7d18a68028058438f8346a6f41d5023c) Importer(815301076,1909f56bfc062723c751e8b465ee728b)  -> (artifact id: '8c2bdeb8a1644d3b1b8ef0f450ff5316') in 0.034632 seconds
  Import took 0.040763 seconds .

========================================================================
Received Import Request.
  Time since last request: 0.000274 seconds.
  path: Assets/Palettes/Mossy - TileSet_40.asset
  artifactKey: Guid(ab119168ad5bf477788ed5f338c10c84) Importer(815301076,1909f56bfc062723c751e8b465ee728b)
Start importing Assets/Palettes/Mossy - TileSet_40.asset using Guid(ab119168ad5bf477788ed5f338c10c84) Importer(815301076,1909f56bfc062723c751e8b465ee728b)  -> (artifact id: '4b6d37a3787286162ca82845cdc70452') in 0.038411 seconds
  Import took 0.046629 seconds .

========================================================================
Received Import Request.
  Time since last request: 0.000393 seconds.
  path: Assets/Palettes/Mossy - TileSet_46.asset
  artifactKey: Guid(b2573a4dfcc31400d99e4b254a523ecc) Importer(815301076,1909f56bfc062723c751e8b465ee728b)
Start importing Assets/Palettes/Mossy - TileSet_46.asset using Guid(b2573a4dfcc31400d99e4b254a523ecc) Importer(815301076,1909f56bfc062723c751e8b465ee728b)  -> (artifact id: 'd10f212b89d8f6e5c81b9ee5c854c85c') in 0.040192 seconds
  Import took 0.047117 seconds .

========================================================================
Received Import Request.
  Time since last request: 0.000342 seconds.
  path: Assets/Palettes/Mossy - TileSet_15.asset
  artifactKey: Guid(4b232a817eb314ea6acf76d5144a3bbb) Importer(815301076,1909f56bfc062723c751e8b465ee728b)
Start importing Assets/Palettes/Mossy - TileSet_15.asset using Guid(4b232a817eb314ea6acf76d5144a3bbb) Importer(815301076,1909f56bfc062723c751e8b465ee728b)  -> (artifact id: '129ec57fbd4a70f1c79bd40e3de12537') in 0.033568 seconds
  Import took 0.040457 seconds .

========================================================================
Received Import Request.
  Time since last request: 0.000354 seconds.
  path: Assets/Palettes/Mossy - TileSet_19.asset
  artifactKey: Guid(b35d2afae281944f2898190d22983c17) Importer(815301076,1909f56bfc062723c751e8b465ee728b)
Start importing Assets/Palettes/Mossy - TileSet_19.asset using Guid(b35d2afae281944f2898190d22983c17) Importer(815301076,1909f56bfc062723c751e8b465ee728b)  -> (artifact id: '15c2a01c266b6a8d4e38d09007941964') in 0.035244 seconds
  Import took 0.042060 seconds .

========================================================================
Received Import Request.
  Time since last request: 0.000187 seconds.
  path: Assets/Palettes/Mossy - TileSet_33.asset
  artifactKey: Guid(3464ec5bf07174175887b092f32ac2da) Importer(815301076,1909f56bfc062723c751e8b465ee728b)
Start importing Assets/Palettes/Mossy - TileSet_33.asset using Guid(3464ec5bf07174175887b092f32ac2da) Importer(815301076,1909f56bfc062723c751e8b465ee728b)  -> (artifact id: '1d60ad451249b6e5a462a2da303e3f99') in 0.033008 seconds
  Import took 0.039269 seconds .

========================================================================
Received Import Request.
  Time since last request: 327.274239 seconds.
  path: Assets/Palettes/Obstacle.prefab
  artifactKey: Guid(495ce37e86cd34b0bb2ad546c38edc55) Importer(815301076,1909f56bfc062723c751e8b465ee728b)
Start importing Assets/Palettes/Obstacle.prefab using Guid(495ce37e86cd34b0bb2ad546c38edc55) Importer(815301076,1909f56bfc062723c751e8b465ee728b)  -> (artifact id: 'cfa384aa488e36454ceee3217157633f') in 0.011124 seconds
  Import took 0.015756 seconds .

========================================================================
Received Import Request.
  Time since last request: 5.421218 seconds.
  path: Assets/Palettes/Obstacle.prefab
  artifactKey: Guid(495ce37e86cd34b0bb2ad546c38edc55) Importer(815301076,1909f56bfc062723c751e8b465ee728b)
Start importing Assets/Palettes/Obstacle.prefab using Guid(495ce37e86cd34b0bb2ad546c38edc55) Importer(815301076,1909f56bfc062723c751e8b465ee728b)  -> (artifact id: '214e5753c623afc94c7945cd95ca6836') in 0.007277 seconds
  Import took 0.011888 seconds .

========================================================================
Received Import Request.
  Time since last request: 97.557600 seconds.
  path: Assets/Palettes/Obstacle.prefab
  artifactKey: Guid(495ce37e86cd34b0bb2ad546c38edc55) Importer(815301076,1909f56bfc062723c751e8b465ee728b)
Start importing Assets/Palettes/Obstacle.prefab using Guid(495ce37e86cd34b0bb2ad546c38edc55) Importer(815301076,1909f56bfc062723c751e8b465ee728b)  -> (artifact id: 'ac0f28fc65fd46590c838d6f825e59e1') in 0.007143 seconds
  Import took 0.018786 seconds .

========================================================================
Received Import Request.
  Time since last request: 2.390605 seconds.
  path: Assets/Palettes/Obstacle.prefab
  artifactKey: Guid(495ce37e86cd34b0bb2ad546c38edc55) Importer(815301076,1909f56bfc062723c751e8b465ee728b)
Start importing Assets/Palettes/Obstacle.prefab using Guid(495ce37e86cd34b0bb2ad546c38edc55) Importer(815301076,1909f56bfc062723c751e8b465ee728b)  -> (artifact id: '096b3142f1b35ac12267dd3c922d7403') in 0.006332 seconds
  Import took 0.012097 seconds .

========================================================================
Received Import Request.
  Time since last request: 647.355321 seconds.
  path: Assets/Mossy Tileset/Mossy - TileSet.png
  artifactKey: Guid(e8540724e5fc84f99a4d51cd746bc203) Importer(815301076,1909f56bfc062723c751e8b465ee728b)
Start importing Assets/Mossy Tileset/Mossy - TileSet.png using Guid(e8540724e5fc84f99a4d51cd746bc203) Importer(815301076,1909f56bfc062723c751e8b465ee728b)  -> (artifact id: '5b2ab492fe83e742c711d7641f08e0f5') in 0.215129 seconds
  Import took 0.221127 seconds .

