Using pre-set license

 COMMAND LINE ARGUMENTS:
/Applications/Unity/Hub/Editor/2020.3.7f1/Unity.app/Contents/MacOS/Unity
-adb2
-batchMode
-noUpm
-name
AssetImportWorker0
-projectPath
/Users/yuhanmeyer/Documents/Unity/InTheDark
-logFile
Logs/AssetImportWorker0.log
-srvPort
52228
Successfully changed project path to: /Users/yuhanmeyer/Documents/Unity/InTheDark
/Users/yuhanmeyer/Documents/Unity/InTheDark
Using Asset Import Pipeline V2.
Refreshing native plugins compatible for Editor in 51.62 ms, found 2 plugins.
Preloading 0 native plugins for Editor in 0.00 ms.
Initialize engine version: 2020.3.7f1 (dd97f2c94397)
[Subsystems] Discovering subsystems at path /Applications/Unity/Hub/Editor/2020.3.7f1/Unity.app/Contents/Resources/UnitySubsystems
[Subsystems] Discovering subsystems at path /Users/yuhanmeyer/Documents/Unity/InTheDark/Assets
GfxDevice: creating device client; threaded=0
2021-06-04 09:45:34.715 Unity[65609:2167331] iMac preferred device: AMD Radeon Pro 575 (high power)
2021-06-04 09:45:34.715 Unity[65609:2167331] Metal devices available: 1
2021-06-04 09:45:34.715 Unity[65609:2167331] 0: AMD Radeon Pro 575 (high power)
2021-06-04 09:45:34.715 Unity[65609:2167331] Using device AMD Radeon Pro 575 (high power)
Initializing Metal device caps: AMD Radeon Pro 575
Initialize mono
Mono path[0] = '/Applications/Unity/Hub/Editor/2020.3.7f1/Unity.app/Contents/Managed'
Mono path[1] = '/Applications/Unity/Hub/Editor/2020.3.7f1/Unity.app/Contents/MonoBleedingEdge/lib/mono/unityjit'
Mono config path = '/Applications/Unity/Hub/Editor/2020.3.7f1/Unity.app/Contents/MonoBleedingEdge/etc'
Using monoOptions --debugger-agent=transport=dt_socket,embedding=1,server=y,suspend=n,address=127.0.0.1:56609
Begin MonoManager ReloadAssembly
Registering precompiled unity dll's ...
Register platform support module: /Applications/Unity/Hub/Editor/2020.3.7f1/Unity.app/Contents/PlaybackEngines/MacStandaloneSupport/UnityEditor.OSXStandalone.Extensions.dll
Registered in 0.000969 seconds.
Native extension for OSXStandalone target not found
Refreshing native plugins compatible for Editor in 50.50 ms, found 2 plugins.
Preloading 0 native plugins for Editor in 0.00 ms.
Mono: successfully reloaded assembly
- Completed reload, in  2.855 seconds
Platform modules already initialized, skipping
Registering precompiled user dll's ...
Registered in 0.000864 seconds.
Begin MonoManager ReloadAssembly
Native extension for OSXStandalone target not found
Refreshing native plugins compatible for Editor in 54.31 ms, found 2 plugins.
Preloading 0 native plugins for Editor in 0.00 ms.
Mono: successfully reloaded assembly
- Completed reload, in  1.589 seconds
Platform modules already initialized, skipping
========================================================================
Worker process is ready to serve import requests
Launching external process: /Applications/Unity/Hub/Editor/2020.3.7f1/Unity.app/Contents/Tools/UnityShaderCompiler
Launched and connected shader compiler UnityShaderCompiler after 0.02 seconds
Refreshing native plugins compatible for Editor in 0.77 ms, found 2 plugins.
Preloading 0 native plugins for Editor in 0.00 ms.
Unloading 1808 Unused Serialized files (Serialized files now loaded: 0)
System memory in use before: 145.6 MB.
System memory in use after: 145.6 MB.

Unloading 24 unused Assets to reduce memory usage. Loaded Objects now: 2251.
Total: 3.837865 ms (FindLiveObjects: 0.264686 ms CreateObjectMapping: 0.102943 ms MarkObjects: 3.309037 ms  DeleteObjects: 0.159285 ms)

========================================================================
Received Import Request.
  path: Assets/Sprites/1f534.png
  artifactKey: Guid(00db797290b8a426788021835576e5cc) Importer(815301076,1909f56bfc062723c751e8b465ee728b)
Start importing Assets/Sprites/1f534.png using Guid(00db797290b8a426788021835576e5cc) Importer(815301076,1909f56bfc062723c751e8b465ee728b)  -> (artifact id: '41248c38728ece1fc6f4e0031ab0cecb') in 1.251212 seconds
  Import took 1.255871 seconds .

========================================================================
Received Import Request.
  Time since last request: 0.000227 seconds.
  path: Assets/Sprites/1f534.png
  artifactKey: Guid(00db797290b8a426788021835576e5cc) Importer(815301076,1909f56bfc062723c751e8b465ee728b)
Start importing Assets/Sprites/1f534.png using Guid(00db797290b8a426788021835576e5cc) Importer(815301076,1909f56bfc062723c751e8b465ee728b)  -> (artifact id: '41248c38728ece1fc6f4e0031ab0cecb') in 0.010902 seconds
  Import took 0.014179 seconds .

========================================================================
Received Import Request.
  Time since last request: 6.178894 seconds.
  path: Assets/Sprites/Transparent_red_circle.svg
  artifactKey: Guid(a4ec8e52b5dfe4334bc829b92d29d271) Importer(815301076,1909f56bfc062723c751e8b465ee728b)
Start importing Assets/Sprites/Transparent_red_circle.svg using Guid(a4ec8e52b5dfe4334bc829b92d29d271) Importer(815301076,1909f56bfc062723c751e8b465ee728b)  -> (artifact id: '9c3f4b114b3ff1fac456aec34a788fb9') in 0.319328 seconds
  Import took 0.323085 seconds .

========================================================================
Received Prepare
Registering precompiled user dll's ...
Registered in 0.026168 seconds.
Begin MonoManager ReloadAssembly
Native extension for OSXStandalone target not found
Refreshing native plugins compatible for Editor in 0.32 ms, found 2 plugins.
Preloading 0 native plugins for Editor in 0.00 ms.
Mono: successfully reloaded assembly
- Completed reload, in  1.220 seconds
Platform modules already initialized, skipping
Refreshing native plugins compatible for Editor in 0.33 ms, found 2 plugins.
Preloading 0 native plugins for Editor in 0.00 ms.
Unloading 1803 Unused Serialized files (Serialized files now loaded: 0)
System memory in use before: 157.6 MB.
System memory in use after: 157.6 MB.

Unloading 12 unused Assets to reduce memory usage. Loaded Objects now: 2261.
Total: 2.033199 ms (FindLiveObjects: 0.286075 ms CreateObjectMapping: 0.062466 ms MarkObjects: 1.571203 ms  DeleteObjects: 0.112644 ms)

========================================================================
Received Prepare
Registering precompiled user dll's ...
Registered in 0.001276 seconds.
Begin MonoManager ReloadAssembly
Native extension for OSXStandalone target not found
Refreshing native plugins compatible for Editor in 0.42 ms, found 2 plugins.
Preloading 0 native plugins for Editor in 0.00 ms.
Mono: successfully reloaded assembly
- Completed reload, in  1.186 seconds
Platform modules already initialized, skipping
Refreshing native plugins compatible for Editor in 0.34 ms, found 2 plugins.
Preloading 0 native plugins for Editor in 0.00 ms.
Unloading 1803 Unused Serialized files (Serialized files now loaded: 0)
System memory in use before: 157.8 MB.
System memory in use after: 157.8 MB.

Unloading 12 unused Assets to reduce memory usage. Loaded Objects now: 2265.
Total: 1.853945 ms (FindLiveObjects: 0.282933 ms CreateObjectMapping: 0.060017 ms MarkObjects: 1.418597 ms  DeleteObjects: 0.091258 ms)

